<?xml version="1.0" encoding="UTF-8"?>
<!-- Generated by org.testng.reporters.JUnitXMLReporter -->
<testsuite ignored="0" hostname="LTIN193716" failures="1" tests="18" name="Test" time="268.27" errors="0" timestamp="2024-02-29T15:32:33 IST">
  <testcase classname="TestCases.Tc001_EmiCalculator" name="carLoanCalculator" time="4.776"/>
  <testcase classname="TestCases.Tc001_EmiCalculator" name="inputCarLoanData" time="1.154"/>
  <testcase classname="TestCases.Tc001_EmiCalculator" name="verifyCarLoanElements" time="0.328">
    <failure type="java.lang.NumberFormatException" message="For input string: &amp;quot;&amp;quot;">
      <![CDATA[java.lang.NumberFormatException: For input string: ""
at java.base/java.lang.NumberFormatException.forInputString(NumberFormatException.java:67)
at java.base/java.lang.Integer.parseInt(Integer.java:678)
at java.base/java.lang.Integer.parseInt(Integer.java:786)
at pageObjects.CarLoanCalculator.verifyPrincipalAmount(CarLoanCalculator.java:226)
at TestCases.Tc001_EmiCalculator.verifyCarLoanElements(Tc001_EmiCalculator.java:35)
at java.base/java.util.ArrayList.forEach(ArrayList.java:1511)
... Removed 27 stack frames]]>
    </failure>
  </testcase> <!-- verifyCarLoanElements -->
  <testcase classname="TestCases.Tc001_EmiCalculator" name="printCarEmiData" time="10.371"/>
  <testcase classname="TestCases.Tc001_EmiCalculator" name="verifyCarLoanResults" time="0.056"/>
  <testcase classname="TestCases.Tc001_EmiCalculator" name="validateCarLoanResults" time="6.52"/>
  <testcase classname="TestCases.Tc001_EmiCalculator" name="homeLoanCalculator" time="30.706"/>
  <testcase classname="TestCases.Tc001_EmiCalculator" name="verifyHomeLoanElements" time="0.438"/>
  <testcase classname="TestCases.Tc001_EmiCalculator" name="printHomeEmiData" time="8.352"/>
  <testcase classname="TestCases.Tc001_EmiCalculator" name="loanCalculator" time="4.503"/>
  <testcase classname="TestCases.Tc001_EmiCalculator" name="verifyLoanEmiCalcElements" time="0.272"/>
  <testcase classname="TestCases.Tc001_EmiCalculator" name="loanEmiCalcUICheck" time="38.78"/>
  <testcase classname="TestCases.Tc001_EmiCalculator" name="clickLoanAMTCalculator" time="0.128"/>
  <testcase classname="TestCases.Tc001_EmiCalculator" name="verifyLoanAMTCalcElements" time="0.189"/>
  <testcase classname="TestCases.Tc001_EmiCalculator" name="loanAmountCalcUICheck" time="33.819"/>
  <testcase classname="TestCases.Tc001_EmiCalculator" name="clickLoanTenureCalculator" time="0.174"/>
  <testcase classname="TestCases.Tc001_EmiCalculator" name="verifyLoanTenureCalcElements" time="0.266"/>
  <testcase classname="TestCases.Tc001_EmiCalculator" name="loanTenureCalcUICheck" time="34.437"/>
</testsuite> <!-- Test -->
