<?xml version="1.0" encoding="UTF-8"?>
<!-- Generated by org.testng.reporters.JUnitXMLReporter -->
<testsuite ignored="0" hostname="LTIN193716" failures="0" tests="19" name="Test Chrome" time="200.415" errors="0" timestamp="2024-02-29T21:17:19 IST">
  <testcase classname="TestCases.Tc001_EmiCalculator" name="initiateDriver" time="41.813"/>
  <testcase classname="TestCases.Tc001_EmiCalculator" name="carLoanCalculator" time="5.421"/>
  <testcase classname="TestCases.Tc001_EmiCalculator" name="inputCarLoanData" time="2.069"/>
  <testcase classname="TestCases.Tc001_EmiCalculator" name="verifyCarLoanElements" time="0.201"/>
  <testcase classname="TestCases.Tc001_EmiCalculator" name="printCarEmiData" time="14.566"/>
  <testcase classname="TestCases.Tc001_EmiCalculator" name="verifyCarLoanResults" time="0.082"/>
  <testcase classname="TestCases.Tc001_EmiCalculator" name="validateCarLoanResults" time="8.886"/>
  <testcase classname="TestCases.Tc001_EmiCalculator" name="homeLoanCalculator" time="1.829"/>
  <testcase classname="TestCases.Tc001_EmiCalculator" name="verifyHomeLoanElements" time="0.494"/>
  <testcase classname="TestCases.Tc001_EmiCalculator" name="printHomeEmiData" time="8.829"/>
  <testcase classname="TestCases.Tc001_EmiCalculator" name="loanCalculator" time="1.798"/>
  <testcase classname="TestCases.Tc001_EmiCalculator" name="verifyLoanEmiCalcElements" time="0.319"/>
  <testcase classname="TestCases.Tc001_EmiCalculator" name="loanEmiCalcUICheck" time="40.421"/>
  <testcase classname="TestCases.Tc001_EmiCalculator" name="clickLoanAMTCalculator" time="0.113"/>
  <testcase classname="TestCases.Tc001_EmiCalculator" name="verifyLoanAMTCalcElements" time="0.185"/>
  <testcase classname="TestCases.Tc001_EmiCalculator" name="loanAmountCalcUICheck" time="33.322"/>
  <testcase classname="TestCases.Tc001_EmiCalculator" name="clickLoanTenureCalculator" time="0.107"/>
  <testcase classname="TestCases.Tc001_EmiCalculator" name="verifyLoanTenureCalcElements" time="0.126"/>
  <testcase classname="TestCases.Tc001_EmiCalculator" name="loanTenureCalcUICheck" time="34.711"/>
</testsuite> <!-- Test Chrome -->
