<?xml version="1.0" encoding="UTF-8"?>
<!-- Generated by org.testng.reporters.JUnitXMLReporter -->
<testsuite ignored="0" hostname="LTIN193716" failures="0" tests="8" name="Test" time="224.675" errors="0" timestamp="2024-02-27T17:12:52 IST">
  <testcase classname="TestCases.Tc001_EmiCalculator" name="inputCalculator" time="5.462"/>
  <testcase classname="TestCases.Tc001_EmiCalculator" name="printCarEmiData" time="8.603"/>
  <testcase classname="TestCases.Tc001_EmiCalculator" name="homeLoanCalculator" time="1.766"/>
  <testcase classname="TestCases.Tc001_EmiCalculator" name="printHomeEmiData" time="5.24"/>
  <testcase classname="TestCases.Tc001_EmiCalculator" name="loanCalculator" time="1.711"/>
  <testcase classname="TestCases.Tc001_EmiCalculator" name="loanEmiCalcUICheck" time="57.904"/>
  <testcase classname="TestCases.Tc001_EmiCalculator" name="loanAmountCalcUICheck" time="50.922"/>
  <testcase classname="TestCases.Tc001_EmiCalculator" name="loanTenureCalcUICheck" time="49.59"/>
</testsuite> <!-- Test -->
