<?xml version="1.0" encoding="UTF-8"?>
<!-- Generated by org.testng.reporters.JUnitXMLReporter -->
<testsuite ignored="18" hostname="LTIN193716" failures="0" tests="0" time="0.003" errors="0" timestamp="2024-02-29T15:12:16 IST">
  <testcase classname="TestCases.Tc001_EmiCalculator" name="verifyLoanEmiCalcElements" time="0.0">
    <ignored/>
  </testcase> <!-- verifyLoanEmiCalcElements -->
  <testcase classname="TestCases.Tc001_EmiCalculator" name="verifyCarLoanResults" time="0.0">
    <ignored/>
  </testcase> <!-- verifyCarLoanResults -->
  <testcase classname="TestCases.Tc001_EmiCalculator" name="validateCarLoanResults" time="0.0">
    <ignored/>
  </testcase> <!-- validateCarLoanResults -->
  <testcase classname="TestCases.Tc001_EmiCalculator" name="clickLoanTenureCalculator" time="0.0">
    <ignored/>
  </testcase> <!-- clickLoanTenureCalculator -->
  <testcase classname="TestCases.Tc001_EmiCalculator" name="verifyLoanTenureCalcElements" time="0.0">
    <ignored/>
  </testcase> <!-- verifyLoanTenureCalcElements -->
  <testcase classname="TestCases.Tc001_EmiCalculator" name="inputCarLoanData" time="0.0">
    <ignored/>
  </testcase> <!-- inputCarLoanData -->
  <testcase classname="TestCases.Tc001_EmiCalculator" name="loanAmountCalcUICheck" time="0.0">
    <ignored/>
  </testcase> <!-- loanAmountCalcUICheck -->
  <testcase classname="TestCases.Tc001_EmiCalculator" name="verifyLoanAMTCalcElements" time="0.0">
    <ignored/>
  </testcase> <!-- verifyLoanAMTCalcElements -->
  <testcase classname="TestCases.Tc001_EmiCalculator" name="homeLoanCalculator" time="0.0">
    <ignored/>
  </testcase> <!-- homeLoanCalculator -->
  <testcase classname="TestCases.Tc001_EmiCalculator" name="loanTenureCalcUICheck" time="0.0">
    <ignored/>
  </testcase> <!-- loanTenureCalcUICheck -->
  <testcase classname="TestCases.Tc001_EmiCalculator" name="loanEmiCalcUICheck" time="0.0">
    <ignored/>
  </testcase> <!-- loanEmiCalcUICheck -->
  <testcase classname="TestCases.Tc001_EmiCalculator" name="printCarEmiData" time="0.0">
    <ignored/>
  </testcase> <!-- printCarEmiData -->
  <testcase classname="TestCases.Tc001_EmiCalculator" name="verifyHomeLoanElements" time="0.0">
    <ignored/>
  </testcase> <!-- verifyHomeLoanElements -->
  <testcase classname="TestCases.Tc001_EmiCalculator" name="clickLoanAMTCalculator" time="0.0">
    <ignored/>
  </testcase> <!-- clickLoanAMTCalculator -->
  <testcase classname="TestCases.Tc001_EmiCalculator" name="verifyCarLoanElements" time="0.0">
    <ignored/>
  </testcase> <!-- verifyCarLoanElements -->
  <testcase classname="TestCases.Tc001_EmiCalculator" name="printHomeEmiData" time="0.0">
    <ignored/>
  </testcase> <!-- printHomeEmiData -->
  <testcase classname="TestCases.Tc001_EmiCalculator" name="loanCalculator" time="0.0">
    <ignored/>
  </testcase> <!-- loanCalculator -->
  <testcase classname="TestCases.Tc001_EmiCalculator" name="carLoanCalculator" time="0.0">
    <ignored/>
  </testcase> <!-- carLoanCalculator -->
</testsuite>
