<?xml version="1.0" encoding="UTF-8"?>
<!-- Generated by org.testng.reporters.JUnitXMLReporter -->
<testsuite ignored="0" hostname="LTIN193716" failures="0" tests="19" name="Test Chrome" time="172.402" errors="0" timestamp="2024-02-29T22:14:35 IST">
  <testcase classname="TestCases.Tc001_EmiCalculator" name="initiateDriver" time="21.935"/>
  <testcase classname="TestCases.Tc001_EmiCalculator" name="carLoanCalculator" time="5.242"/>
  <testcase classname="TestCases.Tc001_EmiCalculator" name="inputCarLoanData" time="2.05"/>
  <testcase classname="TestCases.Tc001_EmiCalculator" name="verifyCarLoanElements" time="0.243"/>
  <testcase classname="TestCases.Tc001_EmiCalculator" name="printCarEmiData" time="10.817"/>
  <testcase classname="TestCases.Tc001_EmiCalculator" name="verifyCarLoanResults" time="0.083"/>
  <testcase classname="TestCases.Tc001_EmiCalculator" name="validateCarLoanResults" time="7.75"/>
  <testcase classname="TestCases.Tc001_EmiCalculator" name="homeLoanCalculator" time="1.624"/>
  <testcase classname="TestCases.Tc001_EmiCalculator" name="verifyHomeLoanElements" time="0.38"/>
  <testcase classname="TestCases.Tc001_EmiCalculator" name="printHomeEmiData" time="7.897"/>
  <testcase classname="TestCases.Tc001_EmiCalculator" name="loanCalculator" time="1.088"/>
  <testcase classname="TestCases.Tc001_EmiCalculator" name="verifyLoanEmiCalcElements" time="0.199"/>
  <testcase classname="TestCases.Tc001_EmiCalculator" name="loanEmiCalcUICheck" time="39.773"/>
  <testcase classname="TestCases.Tc001_EmiCalculator" name="clickLoanAMTCalculator" time="0.279"/>
  <testcase classname="TestCases.Tc001_EmiCalculator" name="verifyLoanAMTCalcElements" time="0.206"/>
  <testcase classname="TestCases.Tc001_EmiCalculator" name="loanAmountCalcUICheck" time="33.251"/>
  <testcase classname="TestCases.Tc001_EmiCalculator" name="clickLoanTenureCalculator" time="0.172"/>
  <testcase classname="TestCases.Tc001_EmiCalculator" name="verifyLoanTenureCalcElements" time="0.277"/>
  <testcase classname="TestCases.Tc001_EmiCalculator" name="loanTenureCalcUICheck" time="34.216"/>
</testsuite> <!-- Test Chrome -->
