<?xml version="1.0" encoding="UTF-8"?>
<testsuite xmlns:xsi="http://www.w3.org/2001/XMLSchema-instance" xsi:noNamespaceSchemaLocation="https://maven.apache.org/surefire/maven-surefire-plugin/xsd/surefire-test-report-3.0.xsd" version="3.0" name="TestSuite" time="175.791" tests="19" errors="0" skipped="0" failures="0">
  <properties>
[...]
</properties>
  <testcase name="initiateDriver[Chrome](1)" classname="TestCases.Tc001_EmiCalculator" time="22.318">
    <system-out><![CDATA[Testing in Chrome...........

]]></system-out>
    <system-err><![CDATA[SLF4J: Failed to load class "org.slf4j.impl.StaticLoggerBinder".
SLF4J: Defaulting to no-operation (NOP) logger implementation
SLF4J: See http://www.slf4j.org/codes.html#StaticLoggerBinder for further details.
Feb 29, 2024 10:11:54 PM org.openqa.selenium.devtools.CdpVersionFinder findNearestMatch
WARNING: Unable to find CDP implementation matching 113
Feb 29, 2024 10:11:54 PM org.openqa.selenium.chromium.ChromiumDriver lambda$new$5
WARNING: Unable to find version of CDP to use for 113.0.5672.93. You may need to include a dependency on a specific version of the CDP using something similar to `org.seleniumhq.selenium:selenium-devtools-v86:4.15.0` where the version ("v86") matches the version of the chromium-based browser you're using and the version number of the artifact is the same as Selenium's.
]]></system-err>
  </testcase>
  <testcase name="carLoanCalculator" classname="TestCases.Tc001_EmiCalculator" time="5.462"/>
  <testcase name="inputCarLoanData" classname="TestCases.Tc001_EmiCalculator" time="2.264"/>
  <testcase name="verifyCarLoanElements" classname="TestCases.Tc001_EmiCalculator" time="0.455"/>
  <testcase name="printCarEmiData" classname="TestCases.Tc001_EmiCalculator" time="10.957">
    <system-out><![CDATA[12
72
Year | Principal
(A) | Interest
(B) | Total Payment
(A + B) | Balance | Loan Paid To Date |  
2024 | ₹ 13,69,508 | ₹ 77,270 | ₹ 14,46,778 | ₹ 1,30,492 | 91.30%
Feb | ₹ 1,19,650 | ₹ 11,875 | ₹ 1,31,525 | ₹ 13,80,350 | 7.98%
Mar | ₹ 1,20,597 | ₹ 10,928 | ₹ 1,31,525 | ₹ 12,59,752 | 16.02%
Apr | ₹ 1,21,552 | ₹ 9,973 | ₹ 1,31,525 | ₹ 11,38,200 | 24.12%
May | ₹ 1,22,515 | ₹ 9,011 | ₹ 1,31,525 | ₹ 10,15,685 | 32.29%
Jun | ₹ 1,23,484 | ₹ 8,041 | ₹ 1,31,525 | ₹ 8,92,201 | 40.52%
Jul | ₹ 1,24,462 | ₹ 7,063 | ₹ 1,31,525 | ₹ 7,67,739 | 48.82%
Aug | ₹ 1,25,447 | ₹ 6,078 | ₹ 1,31,525 | ₹ 6,42,292 | 57.18%
Sep | ₹ 1,26,440 | ₹ 5,085 | ₹ 1,31,525 | ₹ 5,15,851 | 65.61%
Oct | ₹ 1,27,441 | ₹ 4,084 | ₹ 1,31,525 | ₹ 3,88,410 | 74.11%
Nov | ₹ 1,28,450 | ₹ 3,075 | ₹ 1,31,525 | ₹ 2,59,959 | 82.67%
Dec | ₹ 1,29,467 | ₹ 2,058 | ₹ 1,31,525 | ₹ 1,30,492 | 91.30%
2025 | ₹ 1,30,492 | ₹ 1,033 | ₹ 1,31,525 | ₹ 0 | 100.00%
Jan | ₹ 1,30,492 | ₹ 1,033 | ₹ 1,31,525 | ₹ 0 | 100.00%
First Month Principal = ₹ 1,19,650
 First Month Interest = ₹ 11,875
The Loan EMI 131525
Monthly EMI to be paid 131525.2676609983
Monthly interest to be paid 1041.2417023162363
Monthly Principal to be paid 130484.02595868206
 Emi Result are Correct and Validated Successfully
]]></system-out>
  </testcase>
  <testcase name="verifyCarLoanResults" classname="TestCases.Tc001_EmiCalculator" time="0.231"/>
  <testcase name="validateCarLoanResults" classname="TestCases.Tc001_EmiCalculator" time="7.985">
    <system-out><![CDATA[The Loan EMI 22842
 Emi Result are Correct and Validated Successfully
The Loan EMI 9470
 Emi Result are Correct and Validated Successfully
The Loan EMI 9183
The Loan EMI 63406
 Emi Result are Correct and Validated Successfully
]]></system-out>
  </testcase>
  <testcase name="homeLoanCalculator" classname="TestCases.Tc001_EmiCalculator" time="2.329"/>
  <testcase name="verifyHomeLoanElements" classname="TestCases.Tc001_EmiCalculator" time="0.566"/>
  <testcase name="printHomeEmiData" classname="TestCases.Tc001_EmiCalculator" time="8.055">
    <system-out><![CDATA[
 Printing Year on Year Table for HomeLoan 

 
2024 | ₹ 4,05,672 | ₹ 4,65,157 | ₹ 48,125 | ₹ 9,18,954 | ₹ 61,19,328 | 6.22%
2025 | ₹ 4,77,713 | ₹ 4,72,282 | ₹ 52,500 | ₹ 10,02,495 | ₹ 56,41,616 | 13.54%
2026 | ₹ 5,17,363 | ₹ 4,32,632 | ₹ 52,500 | ₹ 10,02,495 | ₹ 51,24,253 | 21.47%
2027 | ₹ 5,60,304 | ₹ 3,89,692 | ₹ 52,500 | ₹ 10,02,495 | ₹ 45,63,949 | 30.05%
2028 | ₹ 6,06,808 | ₹ 3,43,187 | ₹ 52,500 | ₹ 10,02,495 | ₹ 39,57,141 | 39.35%
2029 | ₹ 6,57,173 | ₹ 2,92,822 | ₹ 52,500 | ₹ 10,02,495 | ₹ 32,99,968 | 49.43%
2030 | ₹ 7,11,718 | ₹ 2,38,277 | ₹ 52,500 | ₹ 10,02,495 | ₹ 25,88,249 | 60.33%
2031 | ₹ 7,70,791 | ₹ 1,79,204 | ₹ 52,500 | ₹ 10,02,495 | ₹ 18,17,459 | 72.15%
2032 | ₹ 8,34,766 | ₹ 1,15,229 | ₹ 52,500 | ₹ 10,02,495 | ₹ 9,82,693 | 84.94%
2033 | ₹ 9,04,051 | ₹ 45,944 | ₹ 52,500 | ₹ 10,02,495 | ₹ 78,642 | 98.79%
2034 | ₹ 78,642 | ₹ 524 | ₹ 4,375 | ₹ 83,541 | ₹ 0 | 100%
]]></system-out>
  </testcase>
  <testcase name="loanCalculator" classname="TestCases.Tc001_EmiCalculator" time="1.291"/>
  <testcase name="verifyLoanEmiCalcElements" classname="TestCases.Tc001_EmiCalculator" time="0.41"/>
  <testcase name="loanEmiCalcUICheck" classname="TestCases.Tc001_EmiCalculator" time="39.917">
    <system-out><![CDATA[Loan EMI
₹31,066.97
Loan APR
9.97%
Total Interest Payable
₹5,36,822
Total Payment
(Principal + Interest + Fees & Charges)
₹22,58,322
-----------------------
]]></system-out>
  </testcase>
  <testcase name="clickLoanAMTCalculator" classname="TestCases.Tc001_EmiCalculator" time="0.464"/>
  <testcase name="verifyLoanAMTCalcElements" classname="TestCases.Tc001_EmiCalculator" time="0.375"/>
  <testcase name="loanAmountCalcUICheck" classname="TestCases.Tc001_EmiCalculator" time="33.371">
    <system-out><![CDATA[Principal Loan Amount
₹21,61,459
Loan APR
9.87%
Total Interest Payable
₹6,82,541
Total Payment
(Principal + Interest + Fees & Charges)
₹28,65,499
-----------------------
]]></system-out>
  </testcase>
  <testcase name="clickLoanTenureCalculator" classname="TestCases.Tc001_EmiCalculator" time="0.517"/>
  <testcase name="verifyLoanTenureCalcElements" classname="TestCases.Tc001_EmiCalculator" time="0.449"/>
  <testcase name="loanTenureCalcUICheck" classname="TestCases.Tc001_EmiCalculator" time="34.298">
    <system-out><![CDATA[Loan Tenure
53months
Loan APR
10.11%
Total Interest Payable
₹3,88,136
Total Payment
(Principal + Interest + Fees & Charges)
₹21,09,636
-----------------------
]]></system-out>
  </testcase>
</testsuite>